<!DOCTYPE html>
<html>
  <head>
    <meta charset="utf-8"/>
    <title>Test Report</title>
    <link href="assets/style.css" rel="stylesheet" type="text/css"/></head>
  <body onLoad="init()">
    <script>/* This Source Code Form is subject to the terms of the Mozilla Public
 * License, v. 2.0. If a copy of the MPL was not distributed with this file,
 * You can obtain one at http://mozilla.org/MPL/2.0/. */


function toArray(iter) {
    if (iter === null) {
        return null;
    }
    return Array.prototype.slice.call(iter);
}

function find(selector, elem) {
    if (!elem) {
        elem = document;
    }
    return elem.querySelector(selector);
}

function find_all(selector, elem) {
    if (!elem) {
        elem = document;
    }
    return toArray(elem.querySelectorAll(selector));
}

function sort_column(elem) {
    toggle_sort_states(elem);
    var colIndex = toArray(elem.parentNode.childNodes).indexOf(elem);
    var key;
    if (elem.classList.contains('numeric')) {
        key = key_num;
    } else if (elem.classList.contains('result')) {
        key = key_result;
    } else {
        key = key_alpha;
    }
    sort_table(elem, key(colIndex));
}

function show_all_extras() {
    find_all('.col-result').forEach(show_extras);
}

function hide_all_extras() {
    find_all('.col-result').forEach(hide_extras);
}

function show_extras(colresult_elem) {
    var extras = colresult_elem.parentNode.nextElementSibling;
    var expandcollapse = colresult_elem.firstElementChild;
    extras.classList.remove("collapsed");
    expandcollapse.classList.remove("expander");
    expandcollapse.classList.add("collapser");
}

function hide_extras(colresult_elem) {
    var extras = colresult_elem.parentNode.nextElementSibling;
    var expandcollapse = colresult_elem.firstElementChild;
    extras.classList.add("collapsed");
    expandcollapse.classList.remove("collapser");
    expandcollapse.classList.add("expander");
}

function show_filters() {
    var filter_items = document.getElementsByClassName('filter');
    for (var i = 0; i < filter_items.length; i++)
        filter_items[i].hidden = false;
}

function add_collapse() {
    // Add links for show/hide all
    var resulttable = find('table#results-table');
    var showhideall = document.createElement("p");
    showhideall.innerHTML = '<a href="javascript:show_all_extras()">Show all details</a> / ' +
                            '<a href="javascript:hide_all_extras()">Hide all details</a>';
    resulttable.parentElement.insertBefore(showhideall, resulttable);

    // Add show/hide link to each result
    find_all('.col-result').forEach(function(elem) {
        var collapsed = get_query_parameter('collapsed') || 'Passed';
        var extras = elem.parentNode.nextElementSibling;
        var expandcollapse = document.createElement("span");
        if (extras.classList.contains("collapsed")) {
            expandcollapse.classList.add("expander")
        } else if (collapsed.includes(elem.innerHTML)) {
            extras.classList.add("collapsed");
            expandcollapse.classList.add("expander");
        } else {
            expandcollapse.classList.add("collapser");
        }
        elem.appendChild(expandcollapse);

        elem.addEventListener("click", function(event) {
            if (event.currentTarget.parentNode.nextElementSibling.classList.contains("collapsed")) {
                show_extras(event.currentTarget);
            } else {
                hide_extras(event.currentTarget);
            }
        });
    })
}

function get_query_parameter(name) {
    var match = RegExp('[?&]' + name + '=([^&]*)').exec(window.location.search);
    return match && decodeURIComponent(match[1].replace(/\+/g, ' '));
}

function init () {
    reset_sort_headers();

    add_collapse();

    show_filters();

    sort_column(find('.initial-sort'));

    find_all('.sortable').forEach(function(elem) {
        elem.addEventListener("click",
                              function(event) {
                                  sort_column(elem);
                              }, false)
    });

};

function sort_table(clicked, key_func) {
    var rows = find_all('.results-table-row');
    var reversed = !clicked.classList.contains('asc');
    var sorted_rows = sort(rows, key_func, reversed);
    /* Whole table is removed here because browsers acts much slower
     * when appending existing elements.
     */
    var thead = document.getElementById("results-table-head");
    document.getElementById('results-table').remove();
    var parent = document.createElement("table");
    parent.id = "results-table";
    parent.appendChild(thead);
    sorted_rows.forEach(function(elem) {
        parent.appendChild(elem);
    });
    document.getElementsByTagName("BODY")[0].appendChild(parent);
}

function sort(items, key_func, reversed) {
    var sort_array = items.map(function(item, i) {
        return [key_func(item), i];
    });

    sort_array.sort(function(a, b) {
        var key_a = a[0];
        var key_b = b[0];

        if (key_a == key_b) return 0;

        if (reversed) {
            return (key_a < key_b ? 1 : -1);
        } else {
            return (key_a > key_b ? 1 : -1);
        }
    });

    return sort_array.map(function(item) {
        var index = item[1];
        return items[index];
    });
}

function key_alpha(col_index) {
    return function(elem) {
        return elem.childNodes[1].childNodes[col_index].firstChild.data.toLowerCase();
    };
}

function key_num(col_index) {
    return function(elem) {
        return parseFloat(elem.childNodes[1].childNodes[col_index].firstChild.data);
    };
}

function key_result(col_index) {
    return function(elem) {
        var strings = ['Error', 'Failed', 'Rerun', 'XFailed', 'XPassed',
                       'Skipped', 'Passed'];
        return strings.indexOf(elem.childNodes[1].childNodes[col_index].firstChild.data);
    };
}

function reset_sort_headers() {
    find_all('.sort-icon').forEach(function(elem) {
        elem.parentNode.removeChild(elem);
    });
    find_all('.sortable').forEach(function(elem) {
        var icon = document.createElement("div");
        icon.className = "sort-icon";
        icon.textContent = "vvv";
        elem.insertBefore(icon, elem.firstChild);
        elem.classList.remove("desc", "active");
        elem.classList.add("asc", "inactive");
    });
}

function toggle_sort_states(elem) {
    //if active, toggle between asc and desc
    if (elem.classList.contains('active')) {
        elem.classList.toggle('asc');
        elem.classList.toggle('desc');
    }

    //if inactive, reset all other functions and add ascending active
    if (elem.classList.contains('inactive')) {
        reset_sort_headers();
        elem.classList.remove('inactive');
        elem.classList.add('active');
    }
}

function is_all_rows_hidden(value) {
  return value.hidden == false;
}

function filter_table(elem) {
    var outcome_att = "data-test-result";
    var outcome = elem.getAttribute(outcome_att);
    class_outcome = outcome + " results-table-row";
    var outcome_rows = document.getElementsByClassName(class_outcome);

    for(var i = 0; i < outcome_rows.length; i++){
        outcome_rows[i].hidden = !elem.checked;
    }

    var rows = find_all('.results-table-row').filter(is_all_rows_hidden);
    var all_rows_hidden = rows.length == 0 ? true : false;
    var not_found_message = document.getElementById("not-found-message");
    not_found_message.hidden = !all_rows_hidden;
}
</script>
    <h1>report.html</h1>
    <p>Report generated on 09-Oct-2020 at 15:29:49 by <a href="https://pypi.python.org/pypi/pytest-html">pytest-html</a> v2.1.1</p>
    <h2>Environment</h2>
    <table id="environment">
      <tr>
        <td>JAVA_HOME</td>
        <td>C:\Program Files\Java\jdk1.8.0_121</td></tr>
      <tr>
        <td>Packages</td>
        <td>{"pluggy": "0.13.1", "py": "1.9.0", "pytest": "6.0.1"}</td></tr>
      <tr>
        <td>Platform</td>
        <td>Windows-10-10.0.18362-SP0</td></tr>
      <tr>
        <td>Plugins</td>
        <td>{"html": "2.1.1", "metadata": "1.10.0"}</td></tr>
      <tr>
        <td>Python</td>
        <td>3.8.3</td></tr></table>
    <h2>Summary</h2>
    <p>3 tests ran in 31.70 seconds. </p>
    <p class="filter" hidden="true">(Un)check the boxes to filter the results.</p><input checked="true" class="filter" data-test-result="passed" hidden="true" name="filter_checkbox" onChange="filter_table(this)" type="checkbox"/><span class="passed">2 passed</span>, <input checked="true" class="filter" data-test-result="skipped" disabled="true" hidden="true" name="filter_checkbox" onChange="filter_table(this)" type="checkbox"/><span class="skipped">0 skipped</span>, <input checked="true" class="filter" data-test-result="failed" hidden="true" name="filter_checkbox" onChange="filter_table(this)" type="checkbox"/><span class="failed">1 failed</span>, <input checked="true" class="filter" data-test-result="error" disabled="true" hidden="true" name="filter_checkbox" onChange="filter_table(this)" type="checkbox"/><span class="error">0 errors</span>, <input checked="true" class="filter" data-test-result="xfailed" disabled="true" hidden="true" name="filter_checkbox" onChange="filter_table(this)" type="checkbox"/><span class="xfailed">0 expected failures</span>, <input checked="true" class="filter" data-test-result="xpassed" disabled="true" hidden="true" name="filter_checkbox" onChange="filter_table(this)" type="checkbox"/><span class="xpassed">0 unexpected passes</span>
    <h2>Results</h2>
    <table id="results-table">
      <thead id="results-table-head">
        <tr>
          <th class="sortable result initial-sort" col="result">Result</th>
          <th class="sortable" col="name">Test</th>
          <th class="sortable numeric" col="duration">Duration</th>
          <th>Links</th></tr>
        <tr hidden="true" id="not-found-message">
          <th colspan="4">No results found. Try to check the filters</th></tr></thead>
      <tbody class="failed results-table-row">
        <tr>
          <td class="col-result">Failed</td>
          <td class="col-name">test_e2e.py::TestOne::test_e2e</td>
          <td class="col-duration">7.72</td>
          <td class="col-links"></td></tr>
        <tr>
          <td class="extra" colspan="4">
            <div><div><img src="test_e2e.py_TestOne_test_e2e.png" alt="screenshot" style="width:304px;height:228px;" onclick="window.open(this.src)" align="right"/></div></div>
            <div class="log">self = &lt;tests.test_e2e.TestOne object at 0x047411C0&gt;<br/><br/>    def test_e2e(self):<br/>        log = self.getLogger()<br/>        homePage = HomePage(self.driver)<br/>        checkOutPage = homePage.shopItems()<br/>        cards = checkOutPage.getCardTitles()<br/>        log.info(&quot;getting all the card titles&quot;)<br/>        i = -1<br/>        for card in cards:<br/>            i = i + 1<br/>            cardText = card.text<br/>            log.info(cardText)<br/>            if cardText == &quot;Blackberry&quot;:<br/>                checkOutPage.getCardFooter()[i].click()<br/>        self.driver.find_element_by_css_selector(&quot;a[class*=&#x27;btn-primary&#x27;]&quot;).click()<br/>        confirmpage = checkOutPage.checkOutItems()<br/>        log.info(&quot;Entering country name as bel&quot;)<br/>        enterCountryname = confirmpage.enteringCountryName().send_keys(&quot;Bel&quot;)<br/>        self.verifyLinkPresence(&quot;Belarus&quot;)<br/>        chooseCountry = confirmpage.selectingCountryName().click()<br/>        selectingCheckBox = confirmpage.selectingCheckBox().click()<br/>        clickingSubmitButton = confirmpage.clickSubmitButton().click()<br/>        textMatch = confirmpage.gettingConfirmText().text<br/>        log.info(&quot;Text received from application is &quot; + textMatch)<br/>    <br/>&gt;       assert (&quot;Success! Thanks you!&quot; in textMatch)<br/><span class="error">E       AssertionError: assert &#x27;Success! Thanks you!&#x27; in &#x27;Ã—\nSuccess! Thank you! Your order will be delivered in next few weeks :-).&#x27;</span><br/><br/>test_e2e.py:40: AssertionError<br/> ------------------------------Captured stderr call------------------------------ <br/>--- Logging error ---
Traceback (most recent call last):
  File &quot;c:\users\s.milaserdov\appdata\local\programs\python\python38-32\lib\logging\__init__.py&quot;, line 1084, in emit
    stream.write(msg + self.terminator)
  File &quot;c:\users\s.milaserdov\appdata\local\programs\python\python38-32\lib\encodings\cp1251.py&quot;, line 19, in encode
    return codecs.charmap_encode(input,self.errors,encoding_table)[0]
UnicodeEncodeError: &#x27;charmap&#x27; codec can&#x27;t encode character &#x27;\xd7&#x27; in position 86: character maps to &lt;undefined&gt;
Call stack:
  File &quot;c:\users\s.milaserdov\appdata\local\programs\python\python38-32\lib\runpy.py&quot;, line 194, in _run_module_as_main
    return _run_code(code, main_globals, None,
  File &quot;c:\users\s.milaserdov\appdata\local\programs\python\python38-32\lib\runpy.py&quot;, line 87, in _run_code
    exec(code, run_globals)
  File &quot;C:\Users\s.milaserdov\AppData\Local\Programs\Python\Python38-32\Scripts\py.test.exe\__main__.py&quot;, line 7, in &lt;module&gt;
    sys.exit(console_main())
  File &quot;c:\users\s.milaserdov\appdata\local\programs\python\python38-32\lib\site-packages\_pytest\config\__init__.py&quot;, line 180, in console_main
    code = main()
  File &quot;c:\users\s.milaserdov\appdata\local\programs\python\python38-32\lib\site-packages\_pytest\config\__init__.py&quot;, line 157, in main
    ret = config.hook.pytest_cmdline_main(
  File &quot;c:\users\s.milaserdov\appdata\local\programs\python\python38-32\lib\site-packages\pluggy\hooks.py&quot;, line 286, in __call__
    return self._hookexec(self, self.get_hookimpls(), kwargs)
  File &quot;c:\users\s.milaserdov\appdata\local\programs\python\python38-32\lib\site-packages\pluggy\manager.py&quot;, line 93, in _hookexec
    return self._inner_hookexec(hook, methods, kwargs)
  File &quot;c:\users\s.milaserdov\appdata\local\programs\python\python38-32\lib\site-packages\pluggy\manager.py&quot;, line 84, in &lt;lambda&gt;
    self._inner_hookexec = lambda hook, methods, kwargs: hook.multicall(
  File &quot;c:\users\s.milaserdov\appdata\local\programs\python\python38-32\lib\site-packages\pluggy\callers.py&quot;, line 187, in _multicall
    res = hook_impl.function(*args)
  File &quot;c:\users\s.milaserdov\appdata\local\programs\python\python38-32\lib\site-packages\_pytest\main.py&quot;, line 289, in pytest_cmdline_main
    return wrap_session(config, _main)
  File &quot;c:\users\s.milaserdov\appdata\local\programs\python\python38-32\lib\site-packages\_pytest\main.py&quot;, line 240, in wrap_session
    session.exitstatus = doit(config, session) or 0
  File &quot;c:\users\s.milaserdov\appdata\local\programs\python\python38-32\lib\site-packages\_pytest\main.py&quot;, line 296, in _main
    config.hook.pytest_runtestloop(session=session)
  File &quot;c:\users\s.milaserdov\appdata\local\programs\python\python38-32\lib\site-packages\pluggy\hooks.py&quot;, line 286, in __call__
    return self._hookexec(self, self.get_hookimpls(), kwargs)
  File &quot;c:\users\s.milaserdov\appdata\local\programs\python\python38-32\lib\site-packages\pluggy\manager.py&quot;, line 93, in _hookexec
    return self._inner_hookexec(hook, methods, kwargs)
  File &quot;c:\users\s.milaserdov\appdata\local\programs\python\python38-32\lib\site-packages\pluggy\manager.py&quot;, line 84, in &lt;lambda&gt;
    self._inner_hookexec = lambda hook, methods, kwargs: hook.multicall(
  File &quot;c:\users\s.milaserdov\appdata\local\programs\python\python38-32\lib\site-packages\pluggy\callers.py&quot;, line 187, in _multicall
    res = hook_impl.function(*args)
  File &quot;c:\users\s.milaserdov\appdata\local\programs\python\python38-32\lib\site-packages\_pytest\main.py&quot;, line 321, in pytest_runtestloop
    item.config.hook.pytest_runtest_protocol(item=item, nextitem=nextitem)
  File &quot;c:\users\s.milaserdov\appdata\local\programs\python\python38-32\lib\site-packages\pluggy\hooks.py&quot;, line 286, in __call__
    return self._hookexec(self, self.get_hookimpls(), kwargs)
  File &quot;c:\users\s.milaserdov\appdata\local\programs\python\python38-32\lib\site-packages\pluggy\manager.py&quot;, line 93, in _hookexec
    return self._inner_hookexec(hook, methods, kwargs)
  File &quot;c:\users\s.milaserdov\appdata\local\programs\python\python38-32\lib\site-packages\pluggy\manager.py&quot;, line 84, in &lt;lambda&gt;
    self._inner_hookexec = lambda hook, methods, kwargs: hook.multicall(
  File &quot;c:\users\s.milaserdov\appdata\local\programs\python\python38-32\lib\site-packages\pluggy\callers.py&quot;, line 187, in _multicall
    res = hook_impl.function(*args)
  File &quot;c:\users\s.milaserdov\appdata\local\programs\python\python38-32\lib\site-packages\_pytest\runner.py&quot;, line 100, in pytest_runtest_protocol
    runtestprotocol(item, nextitem=nextitem)
  File &quot;c:\users\s.milaserdov\appdata\local\programs\python\python38-32\lib\site-packages\_pytest\runner.py&quot;, line 117, in runtestprotocol
    reports.append(call_and_report(item, &quot;call&quot;, log))
  File &quot;c:\users\s.milaserdov\appdata\local\programs\python\python38-32\lib\site-packages\_pytest\runner.py&quot;, line 207, in call_and_report
    call = call_runtest_hook(item, when, **kwds)
  File &quot;c:\users\s.milaserdov\appdata\local\programs\python\python38-32\lib\site-packages\_pytest\runner.py&quot;, line 246, in call_runtest_hook
    return CallInfo.from_call(
  File &quot;c:\users\s.milaserdov\appdata\local\programs\python\python38-32\lib\site-packages\_pytest\runner.py&quot;, line 294, in from_call
    result = func()  # type: Optional[_T]
  File &quot;c:\users\s.milaserdov\appdata\local\programs\python\python38-32\lib\site-packages\_pytest\runner.py&quot;, line 247, in &lt;lambda&gt;
    lambda: ihook(item=item, **kwds), when=when, reraise=reraise
  File &quot;c:\users\s.milaserdov\appdata\local\programs\python\python38-32\lib\site-packages\pluggy\hooks.py&quot;, line 286, in __call__
    return self._hookexec(self, self.get_hookimpls(), kwargs)
  File &quot;c:\users\s.milaserdov\appdata\local\programs\python\python38-32\lib\site-packages\pluggy\manager.py&quot;, line 93, in _hookexec
    return self._inner_hookexec(hook, methods, kwargs)
  File &quot;c:\users\s.milaserdov\appdata\local\programs\python\python38-32\lib\site-packages\pluggy\manager.py&quot;, line 84, in &lt;lambda&gt;
    self._inner_hookexec = lambda hook, methods, kwargs: hook.multicall(
  File &quot;c:\users\s.milaserdov\appdata\local\programs\python\python38-32\lib\site-packages\pluggy\callers.py&quot;, line 187, in _multicall
    res = hook_impl.function(*args)
  File &quot;c:\users\s.milaserdov\appdata\local\programs\python\python38-32\lib\site-packages\_pytest\runner.py&quot;, line 153, in pytest_runtest_call
    item.runtest()
  File &quot;c:\users\s.milaserdov\appdata\local\programs\python\python38-32\lib\site-packages\_pytest\python.py&quot;, line 1567, in runtest
    self.ihook.pytest_pyfunc_call(pyfuncitem=self)
  File &quot;c:\users\s.milaserdov\appdata\local\programs\python\python38-32\lib\site-packages\pluggy\hooks.py&quot;, line 286, in __call__
    return self._hookexec(self, self.get_hookimpls(), kwargs)
  File &quot;c:\users\s.milaserdov\appdata\local\programs\python\python38-32\lib\site-packages\pluggy\manager.py&quot;, line 93, in _hookexec
    return self._inner_hookexec(hook, methods, kwargs)
  File &quot;c:\users\s.milaserdov\appdata\local\programs\python\python38-32\lib\site-packages\pluggy\manager.py&quot;, line 84, in &lt;lambda&gt;
    self._inner_hookexec = lambda hook, methods, kwargs: hook.multicall(
  File &quot;c:\users\s.milaserdov\appdata\local\programs\python\python38-32\lib\site-packages\pluggy\callers.py&quot;, line 187, in _multicall
    res = hook_impl.function(*args)
  File &quot;c:\users\s.milaserdov\appdata\local\programs\python\python38-32\lib\site-packages\_pytest\python.py&quot;, line 180, in pytest_pyfunc_call
    result = testfunction(**testargs)
  File &quot;C:\Users\s.milaserdov\PycharmProjects\PythonSelfFramework\tests\test_e2e.py&quot;, line 38, in test_e2e
    log.info(&quot;Text received from application is &quot; + textMatch)
Message: &#x27;Text received from application is Ã—\nSuccess! Thank you! Your order will be delivered in next few weeks :-).&#x27;
Arguments: ()
--- Logging error ---
Traceback (most recent call last):
  File &quot;c:\users\s.milaserdov\appdata\local\programs\python\python38-32\lib\logging\__init__.py&quot;, line 1084, in emit
    stream.write(msg + self.terminator)
  File &quot;c:\users\s.milaserdov\appdata\local\programs\python\python38-32\lib\encodings\cp1251.py&quot;, line 19, in encode
    return codecs.charmap_encode(input,self.errors,encoding_table)[0]
UnicodeEncodeError: &#x27;charmap&#x27; codec can&#x27;t encode character &#x27;\xd7&#x27; in position 86: character maps to &lt;undefined&gt;
Call stack:
  File &quot;c:\users\s.milaserdov\appdata\local\programs\python\python38-32\lib\runpy.py&quot;, line 194, in _run_module_as_main
    return _run_code(code, main_globals, None,
  File &quot;c:\users\s.milaserdov\appdata\local\programs\python\python38-32\lib\runpy.py&quot;, line 87, in _run_code
    exec(code, run_globals)
  File &quot;C:\Users\s.milaserdov\AppData\Local\Programs\Python\Python38-32\Scripts\py.test.exe\__main__.py&quot;, line 7, in &lt;module&gt;
    sys.exit(console_main())
  File &quot;c:\users\s.milaserdov\appdata\local\programs\python\python38-32\lib\site-packages\_pytest\config\__init__.py&quot;, line 180, in console_main
    code = main()
  File &quot;c:\users\s.milaserdov\appdata\local\programs\python\python38-32\lib\site-packages\_pytest\config\__init__.py&quot;, line 157, in main
    ret = config.hook.pytest_cmdline_main(
  File &quot;c:\users\s.milaserdov\appdata\local\programs\python\python38-32\lib\site-packages\pluggy\hooks.py&quot;, line 286, in __call__
    return self._hookexec(self, self.get_hookimpls(), kwargs)
  File &quot;c:\users\s.milaserdov\appdata\local\programs\python\python38-32\lib\site-packages\pluggy\manager.py&quot;, line 93, in _hookexec
    return self._inner_hookexec(hook, methods, kwargs)
  File &quot;c:\users\s.milaserdov\appdata\local\programs\python\python38-32\lib\site-packages\pluggy\manager.py&quot;, line 84, in &lt;lambda&gt;
    self._inner_hookexec = lambda hook, methods, kwargs: hook.multicall(
  File &quot;c:\users\s.milaserdov\appdata\local\programs\python\python38-32\lib\site-packages\pluggy\callers.py&quot;, line 187, in _multicall
    res = hook_impl.function(*args)
  File &quot;c:\users\s.milaserdov\appdata\local\programs\python\python38-32\lib\site-packages\_pytest\main.py&quot;, line 289, in pytest_cmdline_main
    return wrap_session(config, _main)
  File &quot;c:\users\s.milaserdov\appdata\local\programs\python\python38-32\lib\site-packages\_pytest\main.py&quot;, line 240, in wrap_session
    session.exitstatus = doit(config, session) or 0
  File &quot;c:\users\s.milaserdov\appdata\local\programs\python\python38-32\lib\site-packages\_pytest\main.py&quot;, line 296, in _main
    config.hook.pytest_runtestloop(session=session)
  File &quot;c:\users\s.milaserdov\appdata\local\programs\python\python38-32\lib\site-packages\pluggy\hooks.py&quot;, line 286, in __call__
    return self._hookexec(self, self.get_hookimpls(), kwargs)
  File &quot;c:\users\s.milaserdov\appdata\local\programs\python\python38-32\lib\site-packages\pluggy\manager.py&quot;, line 93, in _hookexec
    return self._inner_hookexec(hook, methods, kwargs)
  File &quot;c:\users\s.milaserdov\appdata\local\programs\python\python38-32\lib\site-packages\pluggy\manager.py&quot;, line 84, in &lt;lambda&gt;
    self._inner_hookexec = lambda hook, methods, kwargs: hook.multicall(
  File &quot;c:\users\s.milaserdov\appdata\local\programs\python\python38-32\lib\site-packages\pluggy\callers.py&quot;, line 187, in _multicall
    res = hook_impl.function(*args)
  File &quot;c:\users\s.milaserdov\appdata\local\programs\python\python38-32\lib\site-packages\_pytest\main.py&quot;, line 321, in pytest_runtestloop
    item.config.hook.pytest_runtest_protocol(item=item, nextitem=nextitem)
  File &quot;c:\users\s.milaserdov\appdata\local\programs\python\python38-32\lib\site-packages\pluggy\hooks.py&quot;, line 286, in __call__
    return self._hookexec(self, self.get_hookimpls(), kwargs)
  File &quot;c:\users\s.milaserdov\appdata\local\programs\python\python38-32\lib\site-packages\pluggy\manager.py&quot;, line 93, in _hookexec
    return self._inner_hookexec(hook, methods, kwargs)
  File &quot;c:\users\s.milaserdov\appdata\local\programs\python\python38-32\lib\site-packages\pluggy\manager.py&quot;, line 84, in &lt;lambda&gt;
    self._inner_hookexec = lambda hook, methods, kwargs: hook.multicall(
  File &quot;c:\users\s.milaserdov\appdata\local\programs\python\python38-32\lib\site-packages\pluggy\callers.py&quot;, line 187, in _multicall
    res = hook_impl.function(*args)
  File &quot;c:\users\s.milaserdov\appdata\local\programs\python\python38-32\lib\site-packages\_pytest\runner.py&quot;, line 100, in pytest_runtest_protocol
    runtestprotocol(item, nextitem=nextitem)
  File &quot;c:\users\s.milaserdov\appdata\local\programs\python\python38-32\lib\site-packages\_pytest\runner.py&quot;, line 117, in runtestprotocol
    reports.append(call_and_report(item, &quot;call&quot;, log))
  File &quot;c:\users\s.milaserdov\appdata\local\programs\python\python38-32\lib\site-packages\_pytest\runner.py&quot;, line 207, in call_and_report
    call = call_runtest_hook(item, when, **kwds)
  File &quot;c:\users\s.milaserdov\appdata\local\programs\python\python38-32\lib\site-packages\_pytest\runner.py&quot;, line 246, in call_runtest_hook
    return CallInfo.from_call(
  File &quot;c:\users\s.milaserdov\appdata\local\programs\python\python38-32\lib\site-packages\_pytest\runner.py&quot;, line 294, in from_call
    result = func()  # type: Optional[_T]
  File &quot;c:\users\s.milaserdov\appdata\local\programs\python\python38-32\lib\site-packages\_pytest\runner.py&quot;, line 247, in &lt;lambda&gt;
    lambda: ihook(item=item, **kwds), when=when, reraise=reraise
  File &quot;c:\users\s.milaserdov\appdata\local\programs\python\python38-32\lib\site-packages\pluggy\hooks.py&quot;, line 286, in __call__
    return self._hookexec(self, self.get_hookimpls(), kwargs)
  File &quot;c:\users\s.milaserdov\appdata\local\programs\python\python38-32\lib\site-packages\pluggy\manager.py&quot;, line 93, in _hookexec
    return self._inner_hookexec(hook, methods, kwargs)
  File &quot;c:\users\s.milaserdov\appdata\local\programs\python\python38-32\lib\site-packages\pluggy\manager.py&quot;, line 84, in &lt;lambda&gt;
    self._inner_hookexec = lambda hook, methods, kwargs: hook.multicall(
  File &quot;c:\users\s.milaserdov\appdata\local\programs\python\python38-32\lib\site-packages\pluggy\callers.py&quot;, line 187, in _multicall
    res = hook_impl.function(*args)
  File &quot;c:\users\s.milaserdov\appdata\local\programs\python\python38-32\lib\site-packages\_pytest\runner.py&quot;, line 153, in pytest_runtest_call
    item.runtest()
  File &quot;c:\users\s.milaserdov\appdata\local\programs\python\python38-32\lib\site-packages\_pytest\python.py&quot;, line 1567, in runtest
    self.ihook.pytest_pyfunc_call(pyfuncitem=self)
  File &quot;c:\users\s.milaserdov\appdata\local\programs\python\python38-32\lib\site-packages\pluggy\hooks.py&quot;, line 286, in __call__
    return self._hookexec(self, self.get_hookimpls(), kwargs)
  File &quot;c:\users\s.milaserdov\appdata\local\programs\python\python38-32\lib\site-packages\pluggy\manager.py&quot;, line 93, in _hookexec
    return self._inner_hookexec(hook, methods, kwargs)
  File &quot;c:\users\s.milaserdov\appdata\local\programs\python\python38-32\lib\site-packages\pluggy\manager.py&quot;, line 84, in &lt;lambda&gt;
    self._inner_hookexec = lambda hook, methods, kwargs: hook.multicall(
  File &quot;c:\users\s.milaserdov\appdata\local\programs\python\python38-32\lib\site-packages\pluggy\callers.py&quot;, line 187, in _multicall
    res = hook_impl.function(*args)
  File &quot;c:\users\s.milaserdov\appdata\local\programs\python\python38-32\lib\site-packages\_pytest\python.py&quot;, line 180, in pytest_pyfunc_call
    result = testfunction(**testargs)
  File &quot;C:\Users\s.milaserdov\PycharmProjects\PythonSelfFramework\tests\test_e2e.py&quot;, line 38, in test_e2e
    log.info(&quot;Text received from application is &quot; + textMatch)
Message: &#x27;Text received from application is Ã—\nSuccess! Thank you! Your order will be delivered in next few weeks :-).&#x27;
Arguments: ()
--- Logging error ---
Traceback (most recent call last):
  File &quot;c:\users\s.milaserdov\appdata\local\programs\python\python38-32\lib\logging\__init__.py&quot;, line 1084, in emit
    stream.write(msg + self.terminator)
  File &quot;c:\users\s.milaserdov\appdata\local\programs\python\python38-32\lib\encodings\cp1251.py&quot;, line 19, in encode
    return codecs.charmap_encode(input,self.errors,encoding_table)[0]
UnicodeEncodeError: &#x27;charmap&#x27; codec can&#x27;t encode character &#x27;\xd7&#x27; in position 86: character maps to &lt;undefined&gt;
Call stack:
  File &quot;c:\users\s.milaserdov\appdata\local\programs\python\python38-32\lib\runpy.py&quot;, line 194, in _run_module_as_main
    return _run_code(code, main_globals, None,
  File &quot;c:\users\s.milaserdov\appdata\local\programs\python\python38-32\lib\runpy.py&quot;, line 87, in _run_code
    exec(code, run_globals)
  File &quot;C:\Users\s.milaserdov\AppData\Local\Programs\Python\Python38-32\Scripts\py.test.exe\__main__.py&quot;, line 7, in &lt;module&gt;
    sys.exit(console_main())
  File &quot;c:\users\s.milaserdov\appdata\local\programs\python\python38-32\lib\site-packages\_pytest\config\__init__.py&quot;, line 180, in console_main
    code = main()
  File &quot;c:\users\s.milaserdov\appdata\local\programs\python\python38-32\lib\site-packages\_pytest\config\__init__.py&quot;, line 157, in main
    ret = config.hook.pytest_cmdline_main(
  File &quot;c:\users\s.milaserdov\appdata\local\programs\python\python38-32\lib\site-packages\pluggy\hooks.py&quot;, line 286, in __call__
    return self._hookexec(self, self.get_hookimpls(), kwargs)
  File &quot;c:\users\s.milaserdov\appdata\local\programs\python\python38-32\lib\site-packages\pluggy\manager.py&quot;, line 93, in _hookexec
    return self._inner_hookexec(hook, methods, kwargs)
  File &quot;c:\users\s.milaserdov\appdata\local\programs\python\python38-32\lib\site-packages\pluggy\manager.py&quot;, line 84, in &lt;lambda&gt;
    self._inner_hookexec = lambda hook, methods, kwargs: hook.multicall(
  File &quot;c:\users\s.milaserdov\appdata\local\programs\python\python38-32\lib\site-packages\pluggy\callers.py&quot;, line 187, in _multicall
    res = hook_impl.function(*args)
  File &quot;c:\users\s.milaserdov\appdata\local\programs\python\python38-32\lib\site-packages\_pytest\main.py&quot;, line 289, in pytest_cmdline_main
    return wrap_session(config, _main)
  File &quot;c:\users\s.milaserdov\appdata\local\programs\python\python38-32\lib\site-packages\_pytest\main.py&quot;, line 240, in wrap_session
    session.exitstatus = doit(config, session) or 0
  File &quot;c:\users\s.milaserdov\appdata\local\programs\python\python38-32\lib\site-packages\_pytest\main.py&quot;, line 296, in _main
    config.hook.pytest_runtestloop(session=session)
  File &quot;c:\users\s.milaserdov\appdata\local\programs\python\python38-32\lib\site-packages\pluggy\hooks.py&quot;, line 286, in __call__
    return self._hookexec(self, self.get_hookimpls(), kwargs)
  File &quot;c:\users\s.milaserdov\appdata\local\programs\python\python38-32\lib\site-packages\pluggy\manager.py&quot;, line 93, in _hookexec
    return self._inner_hookexec(hook, methods, kwargs)
  File &quot;c:\users\s.milaserdov\appdata\local\programs\python\python38-32\lib\site-packages\pluggy\manager.py&quot;, line 84, in &lt;lambda&gt;
    self._inner_hookexec = lambda hook, methods, kwargs: hook.multicall(
  File &quot;c:\users\s.milaserdov\appdata\local\programs\python\python38-32\lib\site-packages\pluggy\callers.py&quot;, line 187, in _multicall
    res = hook_impl.function(*args)
  File &quot;c:\users\s.milaserdov\appdata\local\programs\python\python38-32\lib\site-packages\_pytest\main.py&quot;, line 321, in pytest_runtestloop
    item.config.hook.pytest_runtest_protocol(item=item, nextitem=nextitem)
  File &quot;c:\users\s.milaserdov\appdata\local\programs\python\python38-32\lib\site-packages\pluggy\hooks.py&quot;, line 286, in __call__
    return self._hookexec(self, self.get_hookimpls(), kwargs)
  File &quot;c:\users\s.milaserdov\appdata\local\programs\python\python38-32\lib\site-packages\pluggy\manager.py&quot;, line 93, in _hookexec
    return self._inner_hookexec(hook, methods, kwargs)
  File &quot;c:\users\s.milaserdov\appdata\local\programs\python\python38-32\lib\site-packages\pluggy\manager.py&quot;, line 84, in &lt;lambda&gt;
    self._inner_hookexec = lambda hook, methods, kwargs: hook.multicall(
  File &quot;c:\users\s.milaserdov\appdata\local\programs\python\python38-32\lib\site-packages\pluggy\callers.py&quot;, line 187, in _multicall
    res = hook_impl.function(*args)
  File &quot;c:\users\s.milaserdov\appdata\local\programs\python\python38-32\lib\site-packages\_pytest\runner.py&quot;, line 100, in pytest_runtest_protocol
    runtestprotocol(item, nextitem=nextitem)
  File &quot;c:\users\s.milaserdov\appdata\local\programs\python\python38-32\lib\site-packages\_pytest\runner.py&quot;, line 117, in runtestprotocol
    reports.append(call_and_report(item, &quot;call&quot;, log))
  File &quot;c:\users\s.milaserdov\appdata\local\programs\python\python38-32\lib\site-packages\_pytest\runner.py&quot;, line 207, in call_and_report
    call = call_runtest_hook(item, when, **kwds)
  File &quot;c:\users\s.milaserdov\appdata\local\programs\python\python38-32\lib\site-packages\_pytest\runner.py&quot;, line 246, in call_runtest_hook
    return CallInfo.from_call(
  File &quot;c:\users\s.milaserdov\appdata\local\programs\python\python38-32\lib\site-packages\_pytest\runner.py&quot;, line 294, in from_call
    result = func()  # type: Optional[_T]
  File &quot;c:\users\s.milaserdov\appdata\local\programs\python\python38-32\lib\site-packages\_pytest\runner.py&quot;, line 247, in &lt;lambda&gt;
    lambda: ihook(item=item, **kwds), when=when, reraise=reraise
  File &quot;c:\users\s.milaserdov\appdata\local\programs\python\python38-32\lib\site-packages\pluggy\hooks.py&quot;, line 286, in __call__
    return self._hookexec(self, self.get_hookimpls(), kwargs)
  File &quot;c:\users\s.milaserdov\appdata\local\programs\python\python38-32\lib\site-packages\pluggy\manager.py&quot;, line 93, in _hookexec
    return self._inner_hookexec(hook, methods, kwargs)
  File &quot;c:\users\s.milaserdov\appdata\local\programs\python\python38-32\lib\site-packages\pluggy\manager.py&quot;, line 84, in &lt;lambda&gt;
    self._inner_hookexec = lambda hook, methods, kwargs: hook.multicall(
  File &quot;c:\users\s.milaserdov\appdata\local\programs\python\python38-32\lib\site-packages\pluggy\callers.py&quot;, line 187, in _multicall
    res = hook_impl.function(*args)
  File &quot;c:\users\s.milaserdov\appdata\local\programs\python\python38-32\lib\site-packages\_pytest\runner.py&quot;, line 153, in pytest_runtest_call
    item.runtest()
  File &quot;c:\users\s.milaserdov\appdata\local\programs\python\python38-32\lib\site-packages\_pytest\python.py&quot;, line 1567, in runtest
    self.ihook.pytest_pyfunc_call(pyfuncitem=self)
  File &quot;c:\users\s.milaserdov\appdata\local\programs\python\python38-32\lib\site-packages\pluggy\hooks.py&quot;, line 286, in __call__
    return self._hookexec(self, self.get_hookimpls(), kwargs)
  File &quot;c:\users\s.milaserdov\appdata\local\programs\python\python38-32\lib\site-packages\pluggy\manager.py&quot;, line 93, in _hookexec
    return self._inner_hookexec(hook, methods, kwargs)
  File &quot;c:\users\s.milaserdov\appdata\local\programs\python\python38-32\lib\site-packages\pluggy\manager.py&quot;, line 84, in &lt;lambda&gt;
    self._inner_hookexec = lambda hook, methods, kwargs: hook.multicall(
  File &quot;c:\users\s.milaserdov\appdata\local\programs\python\python38-32\lib\site-packages\pluggy\callers.py&quot;, line 187, in _multicall
    res = hook_impl.function(*args)
  File &quot;c:\users\s.milaserdov\appdata\local\programs\python\python38-32\lib\site-packages\_pytest\python.py&quot;, line 180, in pytest_pyfunc_call
    result = testfunction(**testargs)
  File &quot;C:\Users\s.milaserdov\PycharmProjects\PythonSelfFramework\tests\test_e2e.py&quot;, line 38, in test_e2e
    log.info(&quot;Text received from application is &quot; + textMatch)
Message: &#x27;Text received from application is Ã—\nSuccess! Thank you! Your order will be delivered in next few weeks :-).&#x27;
Arguments: ()
<br/> -------------------------------Captured log call-------------------------------- <br/>[32mINFO    [0m utilities.BaseClass:test_e2e.py:21 getting all the card titles
[32mINFO    [0m utilities.BaseClass:test_e2e.py:26 iphone X
[32mINFO    [0m utilities.BaseClass:test_e2e.py:26 Samsung Note 8
[32mINFO    [0m utilities.BaseClass:test_e2e.py:26 Nokia Edge
[32mINFO    [0m utilities.BaseClass:test_e2e.py:26 Blackberry
[32mINFO    [0m utilities.BaseClass:test_e2e.py:31 Entering country name as bel
[32mINFO    [0m utilities.BaseClass:test_e2e.py:38 Text received from application is Ã—
Success! Thank you! Your order will be delivered in next few weeks :-).<br/></div></td></tr></tbody>
      <tbody class="passed results-table-row">
        <tr>
          <td class="col-result">Passed</td>
          <td class="col-name">test_HomePage.py::Test_HomePage::test_formSubmission[getData0]</td>
          <td class="col-duration">2.93</td>
          <td class="col-links"></td></tr>
        <tr>
          <td class="extra" colspan="4">
            <div class="log"> -------------------------------Captured log call-------------------------------- <br/>[32mINFO    [0m utilities.BaseClass:test_HomePage.py:14 first name is Sem<br/></div></td></tr></tbody>
      <tbody class="passed results-table-row">
        <tr>
          <td class="col-result">Passed</td>
          <td class="col-name">test_HomePage.py::Test_HomePage::test_formSubmission[getData1]</td>
          <td class="col-duration">2.75</td>
          <td class="col-links"></td></tr>
        <tr>
          <td class="extra" colspan="4">
            <div class="log"> -------------------------------Captured log call-------------------------------- <br/>[32mINFO    [0m utilities.BaseClass:test_HomePage.py:14 first name is Halina<br/></div></td></tr></tbody></table></body></html>