<?xml version="1.0" encoding="utf-8"?><testsuites><testsuite errors="0" failures="0" hostname="s-milaserdov" name="pytest" skipped="0" tests="3" time="22.606" timestamp="2020-10-12T17:06:36.197538"><testcase classname="test_HomePage.Test_HomePage" file="test_HomePage.py" line="9" name="test_formSubmission[getData0]" time="8.156"></testcase><testcase classname="test_HomePage.Test_HomePage" file="test_HomePage.py" line="9" name="test_formSubmission[getData1]" time="0.592"></testcase><testcase classname="test_e2e.TestOne" file="test_e2e.py" line="15" name="test_e2e" time="13.790"></testcase></testsuite></testsuites>